<?xml version="1.0" encoding="UTF-8"?>
<!-- Generated by org.testng.reporters.JUnitReportReporter -->
<testsuite hostname="DESKTOP-VETKQS1" failures="0" tests="1" name="basicRequest.CreateIncidentWithoutBody" time="5.950" errors="0" timestamp="2021-03-07T12:34:34 IST" skipped="0">
  <testcase classname="basicRequest.CreateIncidentWithoutBody" name="createIncidentWithoutBody" time="5.950"/>
  <system-out/>
</testsuite> <!-- basicRequest.CreateIncidentWithoutBody -->
