<?xml version="1.0" encoding="UTF-8"?>
<!-- Generated by org.testng.reporters.JUnitReportReporter -->
<testsuite skipped="0" hostname="DESKTOP-VETKQS1" name="basicRequest.DeleteIncident" tests="1" failures="0" timestamp="2021-06-15T17:31:57 IST" time="10.176" errors="0">
  <testcase name="createIncidentWithoutBody" time="10.176" classname="basicRequest.DeleteIncident"/>
  <system-out/>
</testsuite> <!-- basicRequest.DeleteIncident -->
