<?xml version="1.0" encoding="UTF-8"?>
<!-- Generated by org.testng.reporters.JUnitReportReporter -->
<testsuite hostname="DESKTOP-VETKQS1" failures="0" tests="2" name="basicRequest.CreateincidentWithMultipleFiles" time="9.255" errors="0" timestamp="2021-03-06T21:49:38 IST" skipped="0">
  <testcase classname="basicRequest.CreateincidentWithMultipleFiles" name="createIncidentWithoutBody" time="3.910"/>
  <system-out/>
  <testcase classname="basicRequest.CreateincidentWithMultipleFiles" name="createIncidentWithoutBody" time="5.345"/>
  <system-out/>
</testsuite> <!-- basicRequest.CreateincidentWithMultipleFiles -->
