<?xml version="1.0" encoding="UTF-8"?>
<!-- Generated by org.testng.reporters.JUnitReportReporter -->
<testsuite hostname="DESKTOP-VETKQS1" failures="0" tests="1" name="basicRequest.DeleteIncident" time="6.805" errors="0" timestamp="2021-03-07T13:00:20 IST" skipped="0">
  <testcase classname="basicRequest.DeleteIncident" name="createIncidentWithoutBody" time="6.805"/>
  <system-out/>
</testsuite> <!-- basicRequest.DeleteIncident -->
