<?xml version="1.0" encoding="UTF-8"?>
<!-- Generated by org.testng.reporters.JUnitReportReporter -->
<testsuite skipped="0" hostname="DESKTOP-VETKQS1" name="basicRequest.GetAllIncidents" tests="1" failures="0" timestamp="2021-06-15T15:43:35 IST" time="4.346" errors="0">
  <testcase name="getAllIncident" time="4.346" classname="basicRequest.GetAllIncidents"/>
  <system-out/>
</testsuite> <!-- basicRequest.GetAllIncidents -->
