<?xml version="1.0" encoding="UTF-8"?>
<!-- Generated by org.testng.reporters.JUnitReportReporter -->
<testsuite hostname="DESKTOP-VETKQS1" failures="0" tests="1" name="basicRequest.UpdateIncident" time="7.801" errors="0" timestamp="2021-03-07T12:51:08 IST" skipped="0">
  <testcase classname="basicRequest.UpdateIncident" name="createIncidentWithoutBody" time="7.801"/>
  <system-out/>
</testsuite> <!-- basicRequest.UpdateIncident -->
