<?xml version="1.0" encoding="UTF-8"?>
<!-- Generated by org.testng.reporters.JUnitReportReporter -->
<testsuite hostname="DESKTOP-VETKQS1" failures="0" tests="1" name="basicRequest.GetAllIncidentsInXML" time="5.799" errors="0" timestamp="2021-03-06T17:17:41 IST" skipped="0">
  <testcase classname="basicRequest.GetAllIncidentsInXML" name="getAllIncident" time="5.799"/>
  <system-out/>
</testsuite> <!-- basicRequest.GetAllIncidentsInXML -->
