<?xml version="1.0" encoding="UTF-8"?>
<!-- Generated by org.testng.reporters.JUnitReportReporter -->
<testsuite skipped="0" hostname="DESKTOP-VETKQS1" name="runner.RestAssuredRunner" tests="3" failures="0" timestamp="2021-06-13T21:57:41 IST" time="0.191" errors="0">
  <testcase name="runScenario" time="0.005" classname="runner.RestAssuredRunner"/>
  <system-out/>
  <testcase name="runScenario" time="0.182" classname="runner.RestAssuredRunner"/>
  <system-out/>
  <testcase name="runScenario" time="0.004" classname="runner.RestAssuredRunner"/>
  <system-out/>
</testsuite> <!-- runner.RestAssuredRunner -->
