<?xml version="1.0" encoding="UTF-8"?>
<!-- Generated by org.testng.reporters.JUnitReportReporter -->
<testsuite hostname="DESKTOP-VETKQS1" failures="0" tests="1" name="assertion.GetAllIncidentToCheckAssertion" time="7.160" errors="0" timestamp="2021-03-07T13:29:41 IST" skipped="0">
  <testcase classname="assertion.GetAllIncidentToCheckAssertion" name="getAllIncident" time="7.160"/>
  <system-out/>
</testsuite> <!-- assertion.GetAllIncidentToCheckAssertion -->
