<?xml version="1.0" encoding="UTF-8"?>
<!-- Generated by org.testng.reporters.JUnitReportReporter -->
<testsuite hostname="DESKTOP-VETKQS1" failures="0" tests="1" name="runner.RestAssuredRunner" time="0.122" errors="0" timestamp="2021-03-06T21:59:48 IST" skipped="0">
  <testcase classname="runner.RestAssuredRunner" name="runScenario" time="0.122"/>
  <system-out/>
</testsuite> <!-- runner.RestAssuredRunner -->
