<?xml version="1.0" encoding="UTF-8"?>
<!-- Generated by org.testng.reporters.JUnitReportReporter -->
<testsuite hostname="DESKTOP-VETKQS1" failures="0" tests="1" name="basicRequest.GetAllIncidentsWithParam" time="7.922" errors="0" timestamp="2021-03-06T17:04:19 IST" skipped="0">
  <testcase classname="basicRequest.GetAllIncidentsWithParam" name="getAllIncident" time="7.922"/>
  <system-out/>
</testsuite> <!-- basicRequest.GetAllIncidentsWithParam -->
