<?xml version="1.0" encoding="UTF-8"?>
<!-- Generated by org.testng.reporters.JUnitReportReporter -->
<testsuite hostname="DESKTOP-VETKQS1" failures="0" tests="1" name="basicRequest.GetAllIncidents" time="7.631" errors="0" timestamp="2021-03-06T16:44:59 IST" skipped="0">
  <testcase classname="basicRequest.GetAllIncidents" name="getAllIncident" time="7.631"/>
  <system-out/>
</testsuite> <!-- basicRequest.GetAllIncidents -->
